<?xml version="1.0" encoding="UTF-8"?>
<!-- Generated by org.testng.reporters.JUnitReportReporter -->
<testsuite skipped="0" hostname="win10-pc" name="com.testing.suite.PayTest" tests="1" failures="0" timestamp="2020-03-13T19:41:30 CST" time="0.000" errors="0">
  <testcase name="paySucess" time="0.000" classname="com.testing.suite.PayTest"/>
  <system-out/>
</testsuite> <!-- com.testing.suite.PayTest -->
