<?xml version="1.0" encoding="UTF-8"?>
<!-- Generated by org.testng.reporters.JUnitReportReporter -->
<testsuite skipped="0" hostname="win10-pc" name="com.testing.suite.LoginTest" tests="1" failures="0" timestamp="2020-03-13T19:41:30 CST" time="0.005" errors="0">
  <testcase name="loginSucess" time="0.005" classname="com.testing.suite.LoginTest"/>
  <system-out/>
</testsuite> <!-- com.testing.suite.LoginTest -->
